<?xml version="1.0" encoding="UTF-8"?>
<coverage generated="1781226195253" clover="3.2.0">
  <project timestamp="1781226195253" name="All files">
    <metrics statements="91" coveredstatements="68" conditionals="57" coveredconditionals="44" methods="35" coveredmethods="16" elements="183" coveredelements="128" complexity="0" loc="91" ncloc="91" packages="4" files="4" classes="4"/>
    <package name="api">
      <metrics statements="22" coveredstatements="6" conditionals="2" coveredconditionals="0" methods="11" coveredmethods="0"/>
      <file name="client.ts" path="/Users/sivakesh/ReferenceProjects/health_dashboard/pulse_flow_health/app/javascript/api/client.ts">
        <metrics statements="22" coveredstatements="6" conditionals="2" coveredconditionals="0" methods="11" coveredmethods="0"/>
        <line num="1" count="2" type="stmt"/>
        <line num="4" count="2" type="stmt"/>
        <line num="9" count="2" type="stmt"/>
        <line num="10" count="0" type="stmt"/>
        <line num="11" count="0" type="cond" truecount="0" falsecount="1"/>
        <line num="12" count="0" type="stmt"/>
        <line num="15" count="2" type="stmt"/>
        <line num="16" count="0" type="stmt"/>
        <line num="18" count="0" type="cond" truecount="0" falsecount="1"/>
        <line num="19" count="0" type="stmt"/>
        <line num="20" count="0" type="stmt"/>
        <line num="22" count="0" type="stmt"/>
        <line num="26" count="2" type="stmt"/>
        <line num="28" count="0" type="stmt"/>
        <line num="31" count="0" type="stmt"/>
        <line num="34" count="0" type="stmt"/>
        <line num="37" count="0" type="stmt"/>
        <line num="40" count="2" type="stmt"/>
        <line num="42" count="0" type="stmt"/>
        <line num="45" count="0" type="stmt"/>
        <line num="48" count="0" type="stmt"/>
        <line num="53" count="0" type="stmt"/>
      </file>
    </package>
    <package name="components.Dashboard">
      <metrics statements="25" coveredstatements="23" conditionals="32" coveredconditionals="26" methods="7" coveredmethods="6"/>
      <file name="index.tsx" path="/Users/sivakesh/ReferenceProjects/health_dashboard/pulse_flow_health/app/javascript/components/Dashboard/index.tsx">
        <metrics statements="25" coveredstatements="23" conditionals="32" coveredconditionals="26" methods="7" coveredmethods="6"/>
        <line num="1" count="1" type="stmt"/>
        <line num="3" count="1" type="stmt"/>
        <line num="4" count="1" type="stmt"/>
        <line num="19" count="1" type="stmt"/>
        <line num="20" count="40" type="cond" truecount="1" falsecount="1"/>
        <line num="38" count="1" type="stmt"/>
        <line num="39" count="13" type="stmt"/>
        <line num="41" count="13" type="stmt"/>
        <line num="42" count="2" type="stmt"/>
        <line num="43" count="2" type="stmt"/>
        <line num="44" count="2" type="stmt"/>
        <line num="45" count="2" type="stmt"/>
        <line num="47" count="0" type="stmt"/>
        <line num="49" count="2" type="stmt"/>
        <line num="53" count="13" type="stmt"/>
        <line num="75" count="1" type="stmt"/>
        <line num="76" count="10" type="stmt"/>
        <line num="77" count="10" type="stmt"/>
        <line num="79" count="10" type="stmt"/>
        <line num="80" count="5" type="stmt"/>
        <line num="81" count="5" type="stmt"/>
        <line num="82" count="0" type="stmt"/>
        <line num="85" count="10" type="stmt"/>
        <line num="87" count="10" type="stmt"/>
        <line num="184" count="1" type="stmt"/>
      </file>
    </package>
    <package name="components.PatientList">
      <metrics statements="33" coveredstatements="30" conditionals="20" coveredconditionals="15" methods="12" coveredmethods="7"/>
      <file name="index.tsx" path="/Users/sivakesh/ReferenceProjects/health_dashboard/pulse_flow_health/app/javascript/components/PatientList/index.tsx">
        <metrics statements="33" coveredstatements="30" conditionals="20" coveredconditionals="15" methods="12" coveredmethods="7"/>
        <line num="1" count="1" type="stmt"/>
        <line num="3" count="1" type="stmt"/>
        <line num="9" count="1" type="stmt"/>
        <line num="10" count="11" type="stmt"/>
        <line num="11" count="11" type="stmt"/>
        <line num="18" count="1" type="stmt"/>
        <line num="19" count="29" type="stmt"/>
        <line num="20" count="29" type="stmt"/>
        <line num="21" count="29" type="stmt"/>
        <line num="22" count="29" type="stmt"/>
        <line num="23" count="29" type="stmt"/>
        <line num="24" count="29" type="stmt"/>
        <line num="25" count="29" type="stmt"/>
        <line num="27" count="29" type="stmt"/>
        <line num="28" count="10" type="stmt"/>
        <line num="29" count="10" type="stmt"/>
        <line num="30" count="10" type="stmt"/>
        <line num="31" count="10" type="cond" truecount="4" falsecount="0"/>
        <line num="32" count="8" type="stmt"/>
        <line num="33" count="8" type="stmt"/>
        <line num="35" count="1" type="stmt"/>
        <line num="37" count="9" type="stmt"/>
        <line num="41" count="29" type="stmt"/>
        <line num="42" count="10" type="stmt"/>
        <line num="45" count="29" type="stmt"/>
        <line num="58" count="4" type="stmt"/>
        <line num="66" count="0" type="stmt"/>
        <line num="105" count="11" type="stmt"/>
        <line num="106" count="11" type="stmt"/>
        <line num="123" count="1" type="stmt"/>
        <line num="143" count="0" type="stmt"/>
        <line num="151" count="0" type="stmt"/>
        <line num="161" count="1" type="stmt"/>
      </file>
    </package>
    <package name="components.VitalChart">
      <metrics statements="11" coveredstatements="9" conditionals="3" coveredconditionals="3" methods="5" coveredmethods="3"/>
      <file name="index.tsx" path="/Users/sivakesh/ReferenceProjects/health_dashboard/pulse_flow_health/app/javascript/components/VitalChart/index.tsx">
        <metrics statements="11" coveredstatements="9" conditionals="3" coveredconditionals="3" methods="5" coveredmethods="3"/>
        <line num="2" count="2" type="stmt"/>
        <line num="16" count="2" type="stmt"/>
        <line num="17" count="26" type="stmt"/>
        <line num="19" count="2" type="stmt"/>
        <line num="20" count="23" type="cond" truecount="1" falsecount="0"/>
        <line num="21" count="1" type="stmt"/>
        <line num="30" count="26" type="stmt"/>
        <line num="32" count="22" type="stmt"/>
        <line num="45" count="0" type="stmt"/>
        <line num="46" count="0" type="stmt"/>
        <line num="66" count="2" type="stmt"/>
      </file>
    </package>
  </project>
</coverage>
