{"/Users/sivakesh/ReferenceProjects/health_dashboard/pulse_flow_health/app/javascript/api/client.ts": {"path":"/Users/sivakesh/ReferenceProjects/health_dashboard/pulse_flow_health/app/javascript/api/client.ts","statementMap":{"0":{"start":{"line":1,"column":0},"end":{"line":1,"column":26}},"1":{"start":{"line":4,"column":12},"end":{"line":7,"column":2}},"2":{"start":{"line":9,"column":0},"end":{"line":13,"column":3}},"3":{"start":{"line":10,"column":16},"end":{"line":10,"column":50}},"4":{"start":{"line":11,"column":2},"end":{"line":11,"column":62}},"5":{"start":{"line":11,"column":13},"end":{"line":11,"column":62}},"6":{"start":{"line":12,"column":2},"end":{"line":12,"column":16}},"7":{"start":{"line":15,"column":0},"end":{"line":24,"column":2}},"8":{"start":{"line":16,"column":11},"end":{"line":16,"column":14}},"9":{"start":{"line":18,"column":4},"end":{"line":21,"column":5}},"10":{"start":{"line":19,"column":6},"end":{"line":19,"column":44}},"11":{"start":{"line":20,"column":6},"end":{"line":20,"column":38}},"12":{"start":{"line":22,"column":4},"end":{"line":22,"column":31}},"13":{"start":{"line":26,"column":13},"end":{"line":38,"column":2}},"14":{"start":{"line":28,"column":4},"end":{"line":28,"column":54}},"15":{"start":{"line":31,"column":4},"end":{"line":31,"column":49}},"16":{"start":{"line":34,"column":4},"end":{"line":34,"column":63}},"17":{"start":{"line":37,"column":4},"end":{"line":37,"column":70}},"18":{"start":{"line":40,"column":13},"end":{"line":54,"column":2}},"19":{"start":{"line":42,"column":4},"end":{"line":42,"column":78}},"20":{"start":{"line":45,"column":4},"end":{"line":45,"column":82}},"21":{"start":{"line":48,"column":4},"end":{"line":50,"column":6}},"22":{"start":{"line":53,"column":4},"end":{"line":53,"column":74}}},"fnMap":{"0":{"name":"(anonymous_1)","decl":{"start":{"line":9,"column":29},"end":{"line":9,"column":30}},"loc":{"start":{"line":9,"column":40},"end":{"line":13,"column":1}}},"1":{"name":"(anonymous_2)","decl":{"start":{"line":16,"column":2},"end":{"line":16,"column":3}},"loc":{"start":{"line":16,"column":11},"end":{"line":16,"column":14}}},"2":{"name":"(anonymous_3)","decl":{"start":{"line":17,"column":2},"end":{"line":17,"column":3}},"loc":{"start":{"line":17,"column":10},"end":{"line":23,"column":3}}},"3":{"name":"(anonymous_4)","decl":{"start":{"line":27,"column":8},"end":{"line":27,"column":9}},"loc":{"start":{"line":28,"column":4},"end":{"line":28,"column":54}}},"4":{"name":"(anonymous_5)","decl":{"start":{"line":30,"column":7},"end":{"line":30,"column":8}},"loc":{"start":{"line":31,"column":4},"end":{"line":31,"column":49}}},"5":{"name":"(anonymous_6)","decl":{"start":{"line":33,"column":10},"end":{"line":33,"column":11}},"loc":{"start":{"line":34,"column":4},"end":{"line":34,"column":63}}},"6":{"name":"(anonymous_7)","decl":{"start":{"line":36,"column":10},"end":{"line":36,"column":11}},"loc":{"start":{"line":37,"column":4},"end":{"line":37,"column":70}}},"7":{"name":"(anonymous_8)","decl":{"start":{"line":41,"column":8},"end":{"line":41,"column":9}},"loc":{"start":{"line":42,"column":4},"end":{"line":42,"column":78}}},"8":{"name":"(anonymous_9)","decl":{"start":{"line":44,"column":7},"end":{"line":44,"column":8}},"loc":{"start":{"line":45,"column":4},"end":{"line":45,"column":82}}},"9":{"name":"(anonymous_10)","decl":{"start":{"line":47,"column":10},"end":{"line":47,"column":11}},"loc":{"start":{"line":48,"column":4},"end":{"line":50,"column":6}}},"10":{"name":"(anonymous_11)","decl":{"start":{"line":52,"column":13},"end":{"line":52,"column":14}},"loc":{"start":{"line":53,"column":4},"end":{"line":53,"column":74}}}},"branchMap":{"0":{"loc":{"start":{"line":11,"column":2},"end":{"line":11,"column":62}},"type":"if","locations":[{"start":{"line":11,"column":2},"end":{"line":11,"column":62}}]},"1":{"loc":{"start":{"line":18,"column":4},"end":{"line":21,"column":5}},"type":"if","locations":[{"start":{"line":18,"column":4},"end":{"line":21,"column":5}}]}},"s":{"0":2,"1":2,"2":2,"3":0,"4":0,"5":0,"6":0,"7":2,"8":0,"9":0,"10":0,"11":0,"12":0,"13":2,"14":0,"15":0,"16":0,"17":0,"18":2,"19":0,"20":0,"21":0,"22":0},"f":{"0":0,"1":0,"2":0,"3":0,"4":0,"5":0,"6":0,"7":0,"8":0,"9":0,"10":0},"b":{"0":[0],"1":[0]}}
,"/Users/sivakesh/ReferenceProjects/health_dashboard/pulse_flow_health/app/javascript/components/Dashboard/index.tsx": {"path":"/Users/sivakesh/ReferenceProjects/health_dashboard/pulse_flow_health/app/javascript/components/Dashboard/index.tsx","statementMap":{"0":{"start":{"line":1,"column":0},"end":{"line":1,"column":53}},"1":{"start":{"line":3,"column":0},"end":{"line":3,"column":45}},"2":{"start":{"line":4,"column":0},"end":{"line":4,"column":39}},"3":{"start":{"line":19,"column":46},"end":{"line":32,"column":null}},"4":{"start":{"line":20,"column":2},"end":{"line":31,"column":null}},"5":{"start":{"line":38,"column":5},"end":{"line":73,"column":1}},"6":{"start":{"line":39,"column":32},"end":{"line":39,"column":47}},"7":{"start":{"line":41,"column":22},"end":{"line":51,"column":28}},"8":{"start":{"line":42,"column":4},"end":{"line":42,"column":21}},"9":{"start":{"line":43,"column":4},"end":{"line":50,"column":5}},"10":{"start":{"line":44,"column":23},"end":{"line":44,"column":59}},"11":{"start":{"line":45,"column":6},"end":{"line":45,"column":22}},"12":{"start":{"line":47,"column":6},"end":{"line":47,"column":53}},"13":{"start":{"line":49,"column":6},"end":{"line":49,"column":24}},"14":{"start":{"line":53,"column":2},"end":{"line":72,"column":4}},"15":{"start":{"line":75,"column":35},"end":{"line":182,"column":1}},"16":{"start":{"line":76,"column":36},"end":{"line":76,"column":68}},"17":{"start":{"line":77,"column":36},"end":{"line":77,"column":65}},"18":{"start":{"line":79,"column":2},"end":{"line":83,"column":19}},"19":{"start":{"line":80,"column":4},"end":{"line":82,"column":62}},"20":{"start":{"line":81,"column":26},"end":{"line":81,"column":44}},"21":{"start":{"line":82,"column":19},"end":{"line":82,"column":60}},"22":{"start":{"line":85,"column":17},"end":{"line":85,"column":42}},"23":{"start":{"line":87,"column":2},"end":{"line":181,"column":4}},"24":{"start":{"line":184,"column":0},"end":{"line":184,"column":25}}},"fnMap":{"0":{"name":"(anonymous_10)","decl":{"start":{"line":19,"column":46},"end":{"line":19,"column":47}},"loc":{"start":{"line":20,"column":2},"end":{"line":31,"column":null}}},"1":{"name":"(anonymous_11)","decl":{"start":{"line":38,"column":5},"end":{"line":38,"column":6}},"loc":{"start":{"line":38,"column":34},"end":{"line":73,"column":1}}},"2":{"name":"(anonymous_12)","decl":{"start":{"line":41,"column":34},"end":{"line":41,"column":39}},"loc":{"start":{"line":41,"column":45},"end":{"line":51,"column":3}}},"3":{"name":"(anonymous_13)","decl":{"start":{"line":75,"column":35},"end":{"line":75,"column":36}},"loc":{"start":{"line":75,"column":59},"end":{"line":182,"column":1}}},"4":{"name":"(anonymous_14)","decl":{"start":{"line":79,"column":18},"end":{"line":79,"column":21}},"loc":{"start":{"line":79,"column":23},"end":{"line":83,"column":3}}},"5":{"name":"(anonymous_15)","decl":{"start":{"line":81,"column":12},"end":{"line":81,"column":13}},"loc":{"start":{"line":81,"column":26},"end":{"line":81,"column":44}}},"6":{"name":"(anonymous_16)","decl":{"start":{"line":82,"column":13},"end":{"line":82,"column":16}},"loc":{"start":{"line":82,"column":19},"end":{"line":82,"column":60}}}},"branchMap":{"0":{"loc":{"start":{"line":20,"column":32},"end":{"line":20,"column":63}},"type":"cond-expr","locations":[{"start":{"line":20,"column":43},"end":{"line":20,"column":58}},{"start":{"line":20,"column":61},"end":{"line":20,"column":63}}]},"1":{"loc":{"start":{"line":22,"column":39},"end":{"line":22,"column":80}},"type":"cond-expr","locations":[{"start":{"line":22,"column":50},"end":{"line":22,"column":63}},{"start":{"line":22,"column":66},"end":{"line":22,"column":80}}]},"2":{"loc":{"start":{"line":23,"column":43},"end":{"line":23,"column":72}},"type":"cond-expr","locations":[{"start":{"line":23,"column":54},"end":{"line":23,"column":67}},{"start":{"line":23,"column":70},"end":{"line":23,"column":72}}]},"3":{"loc":{"start":{"line":24,"column":9},"end":{"line":24,"column":21}},"type":"binary-expr","locations":[{"start":{"line":24,"column":9},"end":{"line":24,"column":14}},{"start":{"line":24,"column":18},"end":{"line":24,"column":21}}]},"4":{"loc":{"start":{"line":25,"column":9},"end":{"line":25,"column":79}},"type":"binary-expr","locations":[{"start":{"line":25,"column":9},"end":{"line":25,"column":22}},{"start":{"line":25,"column":26},"end":{"line":25,"column":79}}]},"5":{"loc":{"start":{"line":28,"column":7},"end":{"line":29,"column":null}},"type":"binary-expr","locations":[{"start":{"line":28,"column":7},"end":{"line":28,"column":15}},{"start":{"line":29,"column":8},"end":{"line":29,"column":62}}]},"6":{"loc":{"start":{"line":60,"column":7},"end":{"line":69,"column":null}},"type":"cond-expr","locations":[{"start":{"line":61,"column":8},"end":{"line":62,"column":null}},{"start":{"line":66,"column":8},"end":{"line":67,"column":null}}]},"7":{"loc":{"start":{"line":95,"column":68},"end":{"line":95,"column":87}},"type":"binary-expr","locations":[{"start":{"line":95,"column":68},"end":{"line":95,"column":80}},{"start":{"line":95,"column":84},"end":{"line":95,"column":87}}]},"8":{"loc":{"start":{"line":102,"column":7},"end":{"line":103,"column":null}},"type":"binary-expr","locations":[{"start":{"line":102,"column":7},"end":{"line":102,"column":16}},{"start":{"line":103,"column":8},"end":{"line":103,"column":62}}]},"9":{"loc":{"start":{"line":110,"column":19},"end":{"line":110,"column":45}},"type":"binary-expr","locations":[{"start":{"line":110,"column":19},"end":{"line":110,"column":37}},{"start":{"line":110,"column":41},"end":{"line":110,"column":45}}]},"10":{"loc":{"start":{"line":113,"column":23},"end":{"line":113,"column":46}},"type":"binary-expr","locations":[{"start":{"line":113,"column":23},"end":{"line":113,"column":41}},{"start":{"line":113,"column":45},"end":{"line":113,"column":46}}]},"11":{"loc":{"start":{"line":119,"column":19},"end":{"line":119,"column":39}},"type":"binary-expr","locations":[{"start":{"line":119,"column":19},"end":{"line":119,"column":31}},{"start":{"line":119,"column":35},"end":{"line":119,"column":39}}]},"12":{"loc":{"start":{"line":122,"column":23},"end":{"line":122,"column":42}},"type":"binary-expr","locations":[{"start":{"line":122,"column":23},"end":{"line":122,"column":35}},{"start":{"line":122,"column":39},"end":{"line":122,"column":42}}]},"13":{"loc":{"start":{"line":128,"column":19},"end":{"line":128,"column":46}},"type":"binary-expr","locations":[{"start":{"line":128,"column":19},"end":{"line":128,"column":38}},{"start":{"line":128,"column":42},"end":{"line":128,"column":46}}]},"14":{"loc":{"start":{"line":136,"column":19},"end":{"line":136,"column":49}},"type":"binary-expr","locations":[{"start":{"line":136,"column":19},"end":{"line":136,"column":41}},{"start":{"line":136,"column":45},"end":{"line":136,"column":49}}]},"15":{"loc":{"start":{"line":143,"column":7},"end":{"line":178,"column":null}},"type":"binary-expr","locations":[{"start":{"line":143,"column":7},"end":{"line":143,"column":16}},{"start":{"line":144,"column":8},"end":{"line":177,"column":null}}]}},"s":{"0":1,"1":1,"2":1,"3":1,"4":40,"5":1,"6":13,"7":13,"8":2,"9":2,"10":2,"11":2,"12":0,"13":2,"14":13,"15":1,"16":10,"17":10,"18":10,"19":5,"20":5,"21":0,"22":10,"23":10,"24":1},"f":{"0":40,"1":13,"2":2,"3":10,"4":5,"5":5,"6":0},"b":{"0":[0,40],"1":[0,40],"2":[0,40],"3":[40,20],"4":[40,20],"5":[40,0],"6":[2,11],"7":[10,0],"8":[10,0],"9":[10,5],"10":[10,5],"11":[10,5],"12":[10,5],"13":[10,5],"14":[10,5],"15":[10,5]}}
,"/Users/sivakesh/ReferenceProjects/health_dashboard/pulse_flow_health/app/javascript/components/PatientList/index.tsx": {"path":"/Users/sivakesh/ReferenceProjects/health_dashboard/pulse_flow_health/app/javascript/components/PatientList/index.tsx","statementMap":{"0":{"start":{"line":1,"column":0},"end":{"line":1,"column":53}},"1":{"start":{"line":3,"column":0},"end":{"line":3,"column":47}},"2":{"start":{"line":9,"column":61},"end":{"line":16,"column":1}},"3":{"start":{"line":10,"column":19},"end":{"line":10,"column":92}},"4":{"start":{"line":11,"column":2},"end":{"line":15,"column":4}},"5":{"start":{"line":18,"column":37},"end":{"line":159,"column":1}},"6":{"start":{"line":19,"column":34},"end":{"line":19,"column":57}},"7":{"start":{"line":20,"column":28},"end":{"line":20,"column":40}},"8":{"start":{"line":21,"column":26},"end":{"line":21,"column":38}},"9":{"start":{"line":22,"column":32},"end":{"line":22,"column":47}},"10":{"start":{"line":23,"column":28},"end":{"line":23,"column":57}},"11":{"start":{"line":24,"column":26},"end":{"line":24,"column":37}},"12":{"start":{"line":25,"column":38},"end":{"line":25,"column":49}},"13":{"start":{"line":27,"column":24},"end":{"line":39,"column":8}},"14":{"start":{"line":28,"column":4},"end":{"line":28,"column":21}},"15":{"start":{"line":29,"column":4},"end":{"line":29,"column":19}},"16":{"start":{"line":30,"column":4},"end":{"line":38,"column":5}},"17":{"start":{"line":31,"column":23},"end":{"line":31,"column":99}},"18":{"start":{"line":32,"column":6},"end":{"line":32,"column":29}},"19":{"start":{"line":33,"column":6},"end":{"line":33,"column":43}},"20":{"start":{"line":35,"column":6},"end":{"line":35,"column":61}},"21":{"start":{"line":37,"column":6},"end":{"line":37,"column":24}},"22":{"start":{"line":41,"column":2},"end":{"line":43,"column":41}},"23":{"start":{"line":42,"column":4},"end":{"line":42,"column":37}},"24":{"start":{"line":45,"column":2},"end":{"line":158,"column":4}},"25":{"start":{"line":58,"column":31},"end":{"line":58,"column":56}},"26":{"start":{"line":58,"column":57},"end":{"line":58,"column":68}},"27":{"start":{"line":66,"column":31},"end":{"line":66,"column":55}},"28":{"start":{"line":66,"column":56},"end":{"line":66,"column":67}},"29":{"start":{"line":105,"column":35},"end":{"line":105,"column":56}},"30":{"start":{"line":106,"column":20},"end":{"line":129,"column":22}},"31":{"start":{"line":123,"column":43},"end":{"line":123,"column":61}},"32":{"start":{"line":143,"column":27},"end":{"line":143,"column":48}},"33":{"start":{"line":143,"column":42},"end":{"line":143,"column":47}},"34":{"start":{"line":151,"column":27},"end":{"line":151,"column":48}},"35":{"start":{"line":151,"column":42},"end":{"line":151,"column":47}},"36":{"start":{"line":161,"column":0},"end":{"line":161,"column":27}}},"fnMap":{"0":{"name":"(anonymous_9)","decl":{"start":{"line":9,"column":61},"end":{"line":9,"column":62}},"loc":{"start":{"line":9,"column":76},"end":{"line":16,"column":1}}},"1":{"name":"(anonymous_10)","decl":{"start":{"line":18,"column":37},"end":{"line":18,"column":38}},"loc":{"start":{"line":18,"column":61},"end":{"line":159,"column":1}}},"2":{"name":"(anonymous_11)","decl":{"start":{"line":27,"column":36},"end":{"line":27,"column":41}},"loc":{"start":{"line":27,"column":78},"end":{"line":39,"column":3}}},"3":{"name":"(anonymous_12)","decl":{"start":{"line":41,"column":18},"end":{"line":41,"column":21}},"loc":{"start":{"line":41,"column":23},"end":{"line":43,"column":3}}},"4":{"name":"(anonymous_13)","decl":{"start":{"line":58,"column":22},"end":{"line":58,"column":23}},"loc":{"start":{"line":58,"column":28},"end":{"line":58,"column":70}}},"5":{"name":"(anonymous_14)","decl":{"start":{"line":66,"column":22},"end":{"line":66,"column":23}},"loc":{"start":{"line":66,"column":28},"end":{"line":66,"column":69}}},"6":{"name":"(anonymous_15)","decl":{"start":{"line":104,"column":31},"end":{"line":104,"column":32}},"loc":{"start":{"line":104,"column":37},"end":{"line":130,"column":19}}},"7":{"name":"(anonymous_16)","decl":{"start":{"line":123,"column":37},"end":{"line":123,"column":40}},"loc":{"start":{"line":123,"column":43},"end":{"line":123,"column":61}}},"8":{"name":"(anonymous_17)","decl":{"start":{"line":143,"column":21},"end":{"line":143,"column":24}},"loc":{"start":{"line":143,"column":27},"end":{"line":143,"column":48}}},"9":{"name":"(anonymous_18)","decl":{"start":{"line":143,"column":35},"end":{"line":143,"column":36}},"loc":{"start":{"line":143,"column":42},"end":{"line":143,"column":47}}},"10":{"name":"(anonymous_19)","decl":{"start":{"line":151,"column":21},"end":{"line":151,"column":24}},"loc":{"start":{"line":151,"column":27},"end":{"line":151,"column":48}}},"11":{"name":"(anonymous_20)","decl":{"start":{"line":151,"column":35},"end":{"line":151,"column":36}},"loc":{"start":{"line":151,"column":42},"end":{"line":151,"column":47}}}},"branchMap":{"0":{"loc":{"start":{"line":31,"column":51},"end":{"line":31,"column":65}},"type":"binary-expr","locations":[{"start":{"line":31,"column":51},"end":{"line":31,"column":52}},{"start":{"line":31,"column":56},"end":{"line":31,"column":65}}]},"1":{"loc":{"start":{"line":31,"column":73},"end":{"line":31,"column":87}},"type":"binary-expr","locations":[{"start":{"line":31,"column":73},"end":{"line":31,"column":74}},{"start":{"line":31,"column":78},"end":{"line":31,"column":87}}]},"2":{"loc":{"start":{"line":73,"column":9},"end":{"line":74,"column":null}},"type":"binary-expr","locations":[{"start":{"line":73,"column":9},"end":{"line":73,"column":14}},{"start":{"line":74,"column":10},"end":{"line":74,"column":76}}]},"3":{"loc":{"start":{"line":77,"column":9},"end":{"line":134,"column":null}},"type":"cond-expr","locations":[{"start":{"line":78,"column":10},"end":{"line":81,"column":null}},{"start":{"line":84,"column":10},"end":{"line":133,"column":null}}]},"4":{"loc":{"start":{"line":97,"column":17},"end":{"line":130,"column":null}},"type":"cond-expr","locations":[{"start":{"line":98,"column":18},"end":{"line":101,"column":null}},{"start":{"line":104,"column":18},"end":{"line":130,"column":20}}]},"5":{"loc":{"start":{"line":110,"column":29},"end":{"line":110,"column":42}},"type":"binary-expr","locations":[{"start":{"line":110,"column":29},"end":{"line":110,"column":35}},{"start":{"line":110,"column":39},"end":{"line":110,"column":42}}]},"6":{"loc":{"start":{"line":113,"column":27},"end":{"line":118,"column":33}},"type":"cond-expr","locations":[{"start":{"line":114,"column":28},"end":{"line":116,"column":null}},{"start":{"line":118,"column":30},"end":{"line":118,"column":33}}]},"7":{"loc":{"start":{"line":114,"column":45},"end":{"line":114,"column":89}},"type":"cond-expr","locations":[{"start":{"line":114,"column":63},"end":{"line":114,"column":84}},{"start":{"line":114,"column":87},"end":{"line":114,"column":89}}]},"8":{"loc":{"start":{"line":116,"column":31},"end":{"line":116,"column":104}},"type":"binary-expr","locations":[{"start":{"line":116,"column":31},"end":{"line":116,"column":46}},{"start":{"line":116,"column":50},"end":{"line":116,"column":104}}]},"9":{"loc":{"start":{"line":138,"column":7},"end":{"line":155,"column":null}},"type":"binary-expr","locations":[{"start":{"line":138,"column":7},"end":{"line":138,"column":21}},{"start":{"line":139,"column":8},"end":{"line":154,"column":null}}]}},"s":{"0":1,"1":1,"2":1,"3":11,"4":11,"5":1,"6":29,"7":29,"8":29,"9":29,"10":29,"11":29,"12":29,"13":29,"14":10,"15":10,"16":10,"17":10,"18":8,"19":8,"20":1,"21":9,"22":29,"23":10,"24":29,"25":4,"26":4,"27":0,"28":0,"29":11,"30":11,"31":1,"32":0,"33":0,"34":0,"35":0,"36":1},"f":{"0":11,"1":29,"2":10,"3":10,"4":4,"5":0,"6":11,"7":1,"8":0,"9":0,"10":0,"11":0},"b":{"0":[10,6],"1":[10,10],"2":[29,1],"3":[10,19],"4":[8,11],"5":[11,0],"6":[11,0],"7":[0,11],"8":[11,0],"9":[29,0]}}
,"/Users/sivakesh/ReferenceProjects/health_dashboard/pulse_flow_health/app/javascript/components/VitalChart/index.tsx": {"path":"/Users/sivakesh/ReferenceProjects/health_dashboard/pulse_flow_health/app/javascript/components/VitalChart/index.tsx","statementMap":{"0":{"start":{"line":2,"column":0},"end":{"line":2,"column":null}},"1":{"start":{"line":16,"column":12},"end":{"line":17,"column":78}},"2":{"start":{"line":17,"column":2},"end":{"line":17,"column":78}},"3":{"start":{"line":19,"column":36},"end":{"line":64,"column":1}},"4":{"start":{"line":20,"column":2},"end":{"line":28,"column":3}},"5":{"start":{"line":21,"column":4},"end":{"line":27,"column":6}},"6":{"start":{"line":30,"column":15},"end":{"line":30,"column":66}},"7":{"start":{"line":30,"column":34},"end":{"line":30,"column":64}},"8":{"start":{"line":32,"column":2},"end":{"line":63,"column":4}},"9":{"start":{"line":45,"column":40},"end":{"line":45,"column":63}},"10":{"start":{"line":46,"column":37},"end":{"line":46,"column":49}},"11":{"start":{"line":66,"column":0},"end":{"line":66,"column":26}}},"fnMap":{"0":{"name":"(anonymous_0)","decl":{"start":{"line":16,"column":12},"end":{"line":16,"column":13}},"loc":{"start":{"line":17,"column":2},"end":{"line":17,"column":78}}},"1":{"name":"(anonymous_1)","decl":{"start":{"line":19,"column":36},"end":{"line":19,"column":37}},"loc":{"start":{"line":19,"column":88},"end":{"line":64,"column":1}}},"2":{"name":"(anonymous_2)","decl":{"start":{"line":30,"column":26},"end":{"line":30,"column":27}},"loc":{"start":{"line":30,"column":34},"end":{"line":30,"column":64}}},"3":{"name":"(anonymous_3)","decl":{"start":{"line":45,"column":25},"end":{"line":45,"column":26}},"loc":{"start":{"line":45,"column":40},"end":{"line":45,"column":63}}},"4":{"name":"(anonymous_4)","decl":{"start":{"line":46,"column":30},"end":{"line":46,"column":31}},"loc":{"start":{"line":46,"column":37},"end":{"line":46,"column":49}}}},"branchMap":{"0":{"loc":{"start":{"line":20,"column":2},"end":{"line":28,"column":3}},"type":"if","locations":[{"start":{"line":20,"column":2},"end":{"line":28,"column":3}}]},"1":{"loc":{"start":{"line":48,"column":13},"end":{"line":49,"column":null}},"type":"binary-expr","locations":[{"start":{"line":48,"column":13},"end":{"line":48,"column":28}},{"start":{"line":49,"column":14},"end":{"line":49,"column":154}}]}},"s":{"0":2,"1":2,"2":26,"3":2,"4":23,"5":1,"6":22,"7":26,"8":22,"9":0,"10":0,"11":2},"f":{"0":26,"1":23,"2":26,"3":0,"4":0},"b":{"0":[1],"1":[22,6]}}
}
