TN:
SF:app/javascript/api/client.ts
FN:9,(anonymous_1)
FN:16,(anonymous_2)
FN:17,(anonymous_3)
FN:27,(anonymous_4)
FN:30,(anonymous_5)
FN:33,(anonymous_6)
FN:36,(anonymous_7)
FN:41,(anonymous_8)
FN:44,(anonymous_9)
FN:47,(anonymous_10)
FN:52,(anonymous_11)
FNF:11
FNH:0
FNDA:0,(anonymous_1)
FNDA:0,(anonymous_2)
FNDA:0,(anonymous_3)
FNDA:0,(anonymous_4)
FNDA:0,(anonymous_5)
FNDA:0,(anonymous_6)
FNDA:0,(anonymous_7)
FNDA:0,(anonymous_8)
FNDA:0,(anonymous_9)
FNDA:0,(anonymous_10)
FNDA:0,(anonymous_11)
DA:1,2
DA:4,2
DA:9,2
DA:10,0
DA:11,0
DA:12,0
DA:15,2
DA:16,0
DA:18,0
DA:19,0
DA:20,0
DA:22,0
DA:26,2
DA:28,0
DA:31,0
DA:34,0
DA:37,0
DA:40,2
DA:42,0
DA:45,0
DA:48,0
DA:53,0
LF:22
LH:6
BRDA:11,0,0,0
BRDA:18,1,0,0
BRF:2
BRH:0
end_of_record
TN:
SF:app/javascript/components/Dashboard/index.tsx
FN:19,(anonymous_10)
FN:38,(anonymous_11)
FN:41,(anonymous_12)
FN:75,(anonymous_13)
FN:79,(anonymous_14)
FN:81,(anonymous_15)
FN:82,(anonymous_16)
FNF:7
FNH:6
FNDA:40,(anonymous_10)
FNDA:13,(anonymous_11)
FNDA:2,(anonymous_12)
FNDA:10,(anonymous_13)
FNDA:5,(anonymous_14)
FNDA:5,(anonymous_15)
FNDA:0,(anonymous_16)
DA:1,1
DA:3,1
DA:4,1
DA:19,1
DA:20,40
DA:38,1
DA:39,13
DA:41,13
DA:42,2
DA:43,2
DA:44,2
DA:45,2
DA:47,0
DA:49,2
DA:53,13
DA:75,1
DA:76,10
DA:77,10
DA:79,10
DA:80,5
DA:81,5
DA:82,0
DA:85,10
DA:87,10
DA:184,1
LF:25
LH:23
BRDA:20,0,0,0
BRDA:20,0,1,40
BRDA:22,1,0,0
BRDA:22,1,1,40
BRDA:23,2,0,0
BRDA:23,2,1,40
BRDA:24,3,0,40
BRDA:24,3,1,20
BRDA:25,4,0,40
BRDA:25,4,1,20
BRDA:28,5,0,40
BRDA:28,5,1,0
BRDA:60,6,0,2
BRDA:60,6,1,11
BRDA:95,7,0,10
BRDA:95,7,1,0
BRDA:102,8,0,10
BRDA:102,8,1,0
BRDA:110,9,0,10
BRDA:110,9,1,5
BRDA:113,10,0,10
BRDA:113,10,1,5
BRDA:119,11,0,10
BRDA:119,11,1,5
BRDA:122,12,0,10
BRDA:122,12,1,5
BRDA:128,13,0,10
BRDA:128,13,1,5
BRDA:136,14,0,10
BRDA:136,14,1,5
BRDA:143,15,0,10
BRDA:143,15,1,5
BRF:32
BRH:26
end_of_record
TN:
SF:app/javascript/components/PatientList/index.tsx
FN:9,(anonymous_9)
FN:18,(anonymous_10)
FN:27,(anonymous_11)
FN:41,(anonymous_12)
FN:58,(anonymous_13)
FN:66,(anonymous_14)
FN:104,(anonymous_15)
FN:123,(anonymous_16)
FN:143,(anonymous_17)
FN:143,(anonymous_18)
FN:151,(anonymous_19)
FN:151,(anonymous_20)
FNF:12
FNH:7
FNDA:11,(anonymous_9)
FNDA:29,(anonymous_10)
FNDA:10,(anonymous_11)
FNDA:10,(anonymous_12)
FNDA:4,(anonymous_13)
FNDA:0,(anonymous_14)
FNDA:11,(anonymous_15)
FNDA:1,(anonymous_16)
FNDA:0,(anonymous_17)
FNDA:0,(anonymous_18)
FNDA:0,(anonymous_19)
FNDA:0,(anonymous_20)
DA:1,1
DA:3,1
DA:9,1
DA:10,11
DA:11,11
DA:18,1
DA:19,29
DA:20,29
DA:21,29
DA:22,29
DA:23,29
DA:24,29
DA:25,29
DA:27,29
DA:28,10
DA:29,10
DA:30,10
DA:31,10
DA:32,8
DA:33,8
DA:35,1
DA:37,9
DA:41,29
DA:42,10
DA:45,29
DA:58,4
DA:66,0
DA:105,11
DA:106,11
DA:123,1
DA:143,0
DA:151,0
DA:161,1
LF:33
LH:30
BRDA:31,0,0,10
BRDA:31,0,1,6
BRDA:31,1,0,10
BRDA:31,1,1,10
BRDA:73,2,0,29
BRDA:73,2,1,1
BRDA:77,3,0,10
BRDA:77,3,1,19
BRDA:97,4,0,8
BRDA:97,4,1,11
BRDA:110,5,0,11
BRDA:110,5,1,0
BRDA:113,6,0,11
BRDA:113,6,1,0
BRDA:114,7,0,0
BRDA:114,7,1,11
BRDA:116,8,0,11
BRDA:116,8,1,0
BRDA:138,9,0,29
BRDA:138,9,1,0
BRF:20
BRH:15
end_of_record
TN:
SF:app/javascript/components/VitalChart/index.tsx
FN:16,(anonymous_0)
FN:19,(anonymous_1)
FN:30,(anonymous_2)
FN:45,(anonymous_3)
FN:46,(anonymous_4)
FNF:5
FNH:3
FNDA:26,(anonymous_0)
FNDA:23,(anonymous_1)
FNDA:26,(anonymous_2)
FNDA:0,(anonymous_3)
FNDA:0,(anonymous_4)
DA:2,2
DA:16,2
DA:17,26
DA:19,2
DA:20,23
DA:21,1
DA:30,26
DA:32,22
DA:45,0
DA:46,0
DA:66,2
LF:11
LH:9
BRDA:20,0,0,1
BRDA:48,1,0,22
BRDA:48,1,1,6
BRF:3
BRH:3
end_of_record
